<?xml version="1.0" encoding="UTF-8"?>
<!-- Generated by org.testng.reporters.JUnitReportReporter -->
<testsuite skipped="0" hostname="HP" name="com.src.starters.Controller.StudentControllerTest" tests="2" failures="0" timestamp="14 ماي 2017 15:35:24 GMT" time="1.449" errors="0">
  <testcase name="updateScore" time="0.337" classname="com.src.starters.Controller.StudentControllerTest"/>
  <testcase name="Login" time="1.112" classname="com.src.starters.Controller.StudentControllerTest"/>
</testsuite> <!-- com.src.starters.Controller.StudentControllerTest -->
