<?xml version="1.0" encoding="UTF-8"?>
<!-- Generated by org.testng.reporters.JUnitReportReporter -->
<testsuite skipped="0" hostname="HP" name="com.src.starters.Controller.CourseControllerTest" tests="2" failures="0" timestamp="27 ماي 2017 09:39:11 GMT" time="3.240" errors="0">
  <testcase name="Show_Courses" time="3.200" classname="com.src.starters.Controller.CourseControllerTest"/>
  <testcase name="Create_Course" time="0.040" classname="com.src.starters.Controller.CourseControllerTest"/>
</testsuite> <!-- com.src.starters.Controller.CourseControllerTest -->
